  [1m[35m (0.1ms)[0m  [1m[34mSELECT sqlite_version(*)[0m
  ↳ bin/rails:9
  [1m[35m (2.8ms)[0m  [1m[35mCREATE TABLE "schema_migrations" ("version" varchar NOT NULL PRIMARY KEY)[0m
  ↳ bin/rails:9
  [1m[35m (1.8ms)[0m  [1m[35mCREATE TABLE "ar_internal_metadata" ("key" varchar NOT NULL PRIMARY KEY, "value" varchar, "created_at" datetime NOT NULL, "updated_at" datetime NOT NULL)[0m
  ↳ bin/rails:9
  [1m[35m (0.1ms)[0m  [1m[34mSELECT "schema_migrations"."version" FROM "schema_migrations" ORDER BY "schema_migrations"."version" ASC[0m
  ↳ bin/rails:9
Migrating to CreateUsers (20181112135402)
  [1m[35m (0.1ms)[0m  [1m[36mbegin transaction[0m
  ↳ bin/rails:9
  [1m[35m (0.6ms)[0m  [1m[35mCREATE TABLE "users" ("id" integer PRIMARY KEY AUTOINCREMENT NOT NULL, "username" varchar, "score" integer, "created_at" datetime NOT NULL, "updated_at" datetime NOT NULL)[0m
  ↳ db/migrate/20181112135402_create_users.rb:3
  [1m[36mActiveRecord::SchemaMigration Create (0.2ms)[0m  [1m[32mINSERT INTO "schema_migrations" ("version") VALUES (?)[0m  [["version", "20181112135402"]]
  ↳ bin/rails:9
  [1m[35m (0.9ms)[0m  [1m[36mcommit transaction[0m
  ↳ bin/rails:9
Migrating to CreateStocks (20181112135527)
  [1m[35m (0.0ms)[0m  [1m[36mbegin transaction[0m
  ↳ bin/rails:9
  [1m[35m (0.3ms)[0m  [1m[35mCREATE TABLE "stocks" ("id" integer PRIMARY KEY AUTOINCREMENT NOT NULL, "user_id" integer, "name" varchar, "price" float, "created_at" datetime NOT NULL, "updated_at" datetime NOT NULL, CONSTRAINT "fk_rails_f4b3894c0d"
FOREIGN KEY ("user_id")
  REFERENCES "users" ("id")
)[0m
  ↳ db/migrate/20181112135527_create_stocks.rb:3
  [1m[35m (0.1ms)[0m  [1m[35mCREATE  INDEX "index_stocks_on_user_id" ON "stocks" ("user_id")[0m
  ↳ db/migrate/20181112135527_create_stocks.rb:3
  [1m[36mActiveRecord::SchemaMigration Create (0.1ms)[0m  [1m[32mINSERT INTO "schema_migrations" ("version") VALUES (?)[0m  [["version", "20181112135527"]]
  ↳ bin/rails:9
  [1m[35m (1.2ms)[0m  [1m[36mcommit transaction[0m
  ↳ bin/rails:9
  [1m[36mActiveRecord::InternalMetadata Load (0.1ms)[0m  [1m[34mSELECT  "ar_internal_metadata".* FROM "ar_internal_metadata" WHERE "ar_internal_metadata"."key" = ? LIMIT ?[0m  [["key", "environment"], ["LIMIT", 1]]
  ↳ bin/rails:9
  [1m[35m (0.0ms)[0m  [1m[36mbegin transaction[0m
  ↳ bin/rails:9
  [1m[36mActiveRecord::InternalMetadata Create (0.2ms)[0m  [1m[32mINSERT INTO "ar_internal_metadata" ("key", "value", "created_at", "updated_at") VALUES (?, ?, ?, ?)[0m  [["key", "environment"], ["value", "development"], ["created_at", "2018-11-12 13:57:03.984036"], ["updated_at", "2018-11-12 13:57:03.984036"]]
  ↳ bin/rails:9
  [1m[35m (0.9ms)[0m  [1m[36mcommit transaction[0m
  ↳ bin/rails:9
  [1m[35m (0.1ms)[0m  [1m[34mSELECT "schema_migrations"."version" FROM "schema_migrations" ORDER BY "schema_migrations"."version" ASC[0m
  ↳ bin/rails:9
Started GET "/users" for 127.0.0.1 at 2018-11-12 14:01:02 +0000
  [1m[35m (0.1ms)[0m  [1m[34mSELECT "schema_migrations"."version" FROM "schema_migrations" ORDER BY "schema_migrations"."version" ASC[0m
  ↳ /Users/ollyds/.rvm/gems/ruby-2.3.3/gems/activerecord-5.2.1/lib/active_record/log_subscriber.rb:98
  
ActionController::RoutingError (No route matches [GET] "/users"):
  
actionpack (5.2.1) lib/action_dispatch/middleware/debug_exceptions.rb:65:in `call'
actionpack (5.2.1) lib/action_dispatch/middleware/show_exceptions.rb:33:in `call'
railties (5.2.1) lib/rails/rack/logger.rb:38:in `call_app'
railties (5.2.1) lib/rails/rack/logger.rb:26:in `block in call'
activesupport (5.2.1) lib/active_support/tagged_logging.rb:71:in `block in tagged'
activesupport (5.2.1) lib/active_support/tagged_logging.rb:28:in `tagged'
activesupport (5.2.1) lib/active_support/tagged_logging.rb:71:in `tagged'
railties (5.2.1) lib/rails/rack/logger.rb:26:in `call'
actionpack (5.2.1) lib/action_dispatch/middleware/remote_ip.rb:81:in `call'
actionpack (5.2.1) lib/action_dispatch/middleware/request_id.rb:27:in `call'
rack (2.0.6) lib/rack/runtime.rb:22:in `call'
activesupport (5.2.1) lib/active_support/cache/strategy/local_cache_middleware.rb:29:in `call'
actionpack (5.2.1) lib/action_dispatch/middleware/executor.rb:14:in `call'
actionpack (5.2.1) lib/action_dispatch/middleware/static.rb:127:in `call'
rack (2.0.6) lib/rack/sendfile.rb:111:in `call'
railties (5.2.1) lib/rails/engine.rb:524:in `call'
puma (3.12.0) lib/puma/configuration.rb:225:in `call'
puma (3.12.0) lib/puma/server.rb:658:in `handle_request'
puma (3.12.0) lib/puma/server.rb:472:in `process_client'
puma (3.12.0) lib/puma/server.rb:332:in `block in run'
puma (3.12.0) lib/puma/thread_pool.rb:133:in `block in spawn_thread'
Started GET "/favicon.ico" for 127.0.0.1 at 2018-11-12 14:01:03 +0000
  
ActionController::RoutingError (No route matches [GET] "/favicon.ico"):
  
actionpack (5.2.1) lib/action_dispatch/middleware/debug_exceptions.rb:65:in `call'
actionpack (5.2.1) lib/action_dispatch/middleware/show_exceptions.rb:33:in `call'
railties (5.2.1) lib/rails/rack/logger.rb:38:in `call_app'
railties (5.2.1) lib/rails/rack/logger.rb:26:in `block in call'
activesupport (5.2.1) lib/active_support/tagged_logging.rb:71:in `block in tagged'
activesupport (5.2.1) lib/active_support/tagged_logging.rb:28:in `tagged'
activesupport (5.2.1) lib/active_support/tagged_logging.rb:71:in `tagged'
railties (5.2.1) lib/rails/rack/logger.rb:26:in `call'
actionpack (5.2.1) lib/action_dispatch/middleware/remote_ip.rb:81:in `call'
actionpack (5.2.1) lib/action_dispatch/middleware/request_id.rb:27:in `call'
rack (2.0.6) lib/rack/runtime.rb:22:in `call'
activesupport (5.2.1) lib/active_support/cache/strategy/local_cache_middleware.rb:29:in `call'
actionpack (5.2.1) lib/action_dispatch/middleware/executor.rb:14:in `call'
actionpack (5.2.1) lib/action_dispatch/middleware/static.rb:127:in `call'
rack (2.0.6) lib/rack/sendfile.rb:111:in `call'
railties (5.2.1) lib/rails/engine.rb:524:in `call'
puma (3.12.0) lib/puma/configuration.rb:225:in `call'
puma (3.12.0) lib/puma/server.rb:658:in `handle_request'
puma (3.12.0) lib/puma/server.rb:472:in `process_client'
puma (3.12.0) lib/puma/server.rb:332:in `block in run'
puma (3.12.0) lib/puma/thread_pool.rb:133:in `block in spawn_thread'
Started GET "/api/v1/users" for 127.0.0.1 at 2018-11-12 14:01:09 +0000
Processing by Api::V1::UsersController#index as HTML
  [1m[36mUser Load (0.2ms)[0m  [1m[34mSELECT "users".* FROM "users"[0m
  ↳ app/controllers/api/v1/users_controller.rb:5
Completed 200 OK in 9ms (Views: 1.6ms | ActiveRecord: 0.5ms)


Started GET "/api/v1/users" for 127.0.0.1 at 2018-11-12 14:05:17 +0000
  [1m[35m (0.1ms)[0m  [1m[34mSELECT "schema_migrations"."version" FROM "schema_migrations" ORDER BY "schema_migrations"."version" ASC[0m
  ↳ /Users/ollyds/.rvm/gems/ruby-2.3.3/gems/activerecord-5.2.1/lib/active_record/log_subscriber.rb:98
Processing by Api::V1::UsersController#index as HTML
  [1m[36mUser Load (0.1ms)[0m  [1m[34mSELECT "users".* FROM "users"[0m
  ↳ app/controllers/api/v1/users_controller.rb:5
Completed 200 OK in 4ms (Views: 1.0ms | ActiveRecord: 0.3ms)


Started GET "/api/v1/users/1" for 127.0.0.1 at 2018-11-12 14:05:20 +0000
Processing by Api::V1::UsersController#show as HTML
  Parameters: {"id"=>"1"}
  [1m[36mUser Load (0.2ms)[0m  [1m[34mSELECT  "users".* FROM "users" WHERE "users"."id" = ? LIMIT ?[0m  [["id", 1], ["LIMIT", 1]]
  ↳ app/controllers/api/v1/users_controller.rb:9
Completed 400 Bad Request in 5ms (Views: 0.2ms | ActiveRecord: 0.2ms)


Started GET "/api/v1/users/1" for 127.0.0.1 at 2018-11-12 14:15:19 +0000
  [1m[35m (0.1ms)[0m  [1m[34mSELECT "schema_migrations"."version" FROM "schema_migrations" ORDER BY "schema_migrations"."version" ASC[0m
  ↳ /Users/ollyds/.rvm/gems/ruby-2.3.3/gems/activerecord-5.2.1/lib/active_record/log_subscriber.rb:98
Processing by Api::V1::UsersController#show as HTML
  Parameters: {"id"=>"1"}
  [1m[36mUser Load (0.1ms)[0m  [1m[34mSELECT  "users".* FROM "users" WHERE "users"."id" = ? LIMIT ?[0m  [["id", 1], ["LIMIT", 1]]
  ↳ app/controllers/api/v1/users_controller.rb:9
[active_model_serializers] Rendered ActiveModel::Serializer::Null with Hash (0.1ms)
Completed 400 Bad Request in 10ms (Views: 4.7ms | ActiveRecord: 0.3ms)


Started GET "/api/v1/stocks" for 127.0.0.1 at 2018-11-12 14:15:25 +0000
Processing by Api::V1::StocksController#index as HTML
  [1m[36mStock Load (0.2ms)[0m  [1m[34mSELECT "stocks".* FROM "stocks"[0m
  ↳ app/controllers/api/v1/stocks_controller.rb:5
[active_model_serializers] Rendered ActiveModel::Serializer::CollectionSerializer with ActiveModelSerializers::Adapter::Attributes (0.15ms)
Completed 200 OK in 18ms (Views: 10.4ms | ActiveRecord: 0.6ms)


Started GET "/api/v1/users" for 127.0.0.1 at 2018-11-12 14:15:37 +0000
Processing by Api::V1::UsersController#index as HTML
  [1m[36mUser Load (0.2ms)[0m  [1m[34mSELECT "users".* FROM "users"[0m
  ↳ app/controllers/api/v1/users_controller.rb:5
[active_model_serializers] Rendered ActiveModel::Serializer::CollectionSerializer with ActiveModelSerializers::Adapter::Attributes (0.06ms)
Completed 200 OK in 2ms (Views: 1.4ms | ActiveRecord: 0.2ms)


Started POST "/api/v1/users" for 127.0.0.1 at 2018-11-12 14:18:15 +0000
Processing by Api::V1::UsersController#create as */*
  Parameters: {"username"=>"Adrian", "score"=>0, "user"=>{"username"=>"Adrian", "score"=>0}}
  [1m[35m (0.1ms)[0m  [1m[36mbegin transaction[0m
  ↳ app/controllers/api/v1/users_controller.rb:19
  [1m[36mUser Create (0.4ms)[0m  [1m[32mINSERT INTO "users" ("username", "score", "created_at", "updated_at") VALUES (?, ?, ?, ?)[0m  [["username", "Adrian"], ["score", 0], ["created_at", "2018-11-12 14:18:15.607269"], ["updated_at", "2018-11-12 14:18:15.607269"]]
  ↳ app/controllers/api/v1/users_controller.rb:19
  [1m[35m (6.4ms)[0m  [1m[36mcommit transaction[0m
  ↳ app/controllers/api/v1/users_controller.rb:19
[active_model_serializers] Rendered ActiveModel::Serializer::Null with User (0.31ms)
Completed 200 OK in 19ms (Views: 6.3ms | ActiveRecord: 7.2ms)


Started GET "/api/v1/users" for 127.0.0.1 at 2018-11-12 14:18:23 +0000
Processing by Api::V1::UsersController#index as HTML
  [1m[36mUser Load (0.2ms)[0m  [1m[34mSELECT "users".* FROM "users"[0m
  ↳ app/controllers/api/v1/users_controller.rb:5
No serializer found for resource: #<User id: 1, username: "Adrian", score: 0, created_at: "2018-11-12 14:18:15", updated_at: "2018-11-12 14:18:15">
[active_model_serializers] Rendered ActiveModel::Serializer::CollectionSerializer with User::ActiveRecord_Relation (0.24ms)
Completed 200 OK in 15ms (Views: 14.2ms | ActiveRecord: 0.2ms)


Started POST "/api/v1/users" for 127.0.0.1 at 2018-11-12 14:18:41 +0000
Processing by Api::V1::UsersController#create as */*
  Parameters: {"username"=>"Oliver", "score"=>0, "user"=>{"username"=>"Oliver", "score"=>0}}
  [1m[35m (0.1ms)[0m  [1m[36mbegin transaction[0m
  ↳ app/controllers/api/v1/users_controller.rb:19
  [1m[36mUser Create (0.4ms)[0m  [1m[32mINSERT INTO "users" ("username", "score", "created_at", "updated_at") VALUES (?, ?, ?, ?)[0m  [["username", "Oliver"], ["score", 0], ["created_at", "2018-11-12 14:18:41.661835"], ["updated_at", "2018-11-12 14:18:41.661835"]]
  ↳ app/controllers/api/v1/users_controller.rb:19
  [1m[35m (6.3ms)[0m  [1m[36mcommit transaction[0m
  ↳ app/controllers/api/v1/users_controller.rb:19
[active_model_serializers] Rendered ActiveModel::Serializer::Null with User (0.2ms)
Completed 200 OK in 10ms (Views: 0.7ms | ActiveRecord: 6.8ms)


Started GET "/api/v1/users" for 127.0.0.1 at 2018-11-12 14:18:43 +0000
Processing by Api::V1::UsersController#index as HTML
  [1m[36mUser Load (0.2ms)[0m  [1m[34mSELECT "users".* FROM "users"[0m
  ↳ app/controllers/api/v1/users_controller.rb:5
No serializer found for resource: #<User id: 1, username: "Adrian", score: 0, created_at: "2018-11-12 14:18:15", updated_at: "2018-11-12 14:18:15">
[active_model_serializers] Rendered ActiveModel::Serializer::CollectionSerializer with User::ActiveRecord_Relation (0.32ms)
Completed 200 OK in 2ms (Views: 1.6ms | ActiveRecord: 0.2ms)


Started POST "/api/v1/stocks" for 127.0.0.1 at 2018-11-12 14:19:48 +0000
Processing by Api::V1::StocksController#create as */*
  Parameters: {"name"=>"AAPL", "price"=>400, "user_id"=>1, "stock"=>{"user_id"=>1, "name"=>"AAPL", "price"=>400}}
  [1m[35m (0.0ms)[0m  [1m[36mbegin transaction[0m
  ↳ app/controllers/api/v1/stocks_controller.rb:19
  [1m[36mUser Load (0.2ms)[0m  [1m[34mSELECT  "users".* FROM "users" WHERE "users"."id" = ? LIMIT ?[0m  [["id", 1], ["LIMIT", 1]]
  ↳ app/controllers/api/v1/stocks_controller.rb:19
  [1m[36mStock Create (0.4ms)[0m  [1m[32mINSERT INTO "stocks" ("user_id", "name", "price", "created_at", "updated_at") VALUES (?, ?, ?, ?, ?)[0m  [["user_id", 1], ["name", "AAPL"], ["price", 400.0], ["created_at", "2018-11-12 14:19:48.506619"], ["updated_at", "2018-11-12 14:19:48.506619"]]
  ↳ app/controllers/api/v1/stocks_controller.rb:19
  [1m[35m (1.1ms)[0m  [1m[36mcommit transaction[0m
  ↳ app/controllers/api/v1/stocks_controller.rb:19
[active_model_serializers] Rendered ActiveModel::Serializer::Null with Stock (0.22ms)
Completed 200 OK in 42ms (Views: 2.8ms | ActiveRecord: 2.0ms)


Started POST "/api/v1/stocks" for 127.0.0.1 at 2018-11-12 14:19:53 +0000
Processing by Api::V1::StocksController#create as */*
  Parameters: {"name"=>"AAPL", "price"=>400, "user_id"=>2, "stock"=>{"user_id"=>2, "name"=>"AAPL", "price"=>400}}
  [1m[35m (0.0ms)[0m  [1m[36mbegin transaction[0m
  ↳ app/controllers/api/v1/stocks_controller.rb:19
  [1m[36mUser Load (0.1ms)[0m  [1m[34mSELECT  "users".* FROM "users" WHERE "users"."id" = ? LIMIT ?[0m  [["id", 2], ["LIMIT", 1]]
  ↳ app/controllers/api/v1/stocks_controller.rb:19
  [1m[36mStock Create (0.7ms)[0m  [1m[32mINSERT INTO "stocks" ("user_id", "name", "price", "created_at", "updated_at") VALUES (?, ?, ?, ?, ?)[0m  [["user_id", 2], ["name", "AAPL"], ["price", 400.0], ["created_at", "2018-11-12 14:19:53.537216"], ["updated_at", "2018-11-12 14:19:53.537216"]]
  ↳ app/controllers/api/v1/stocks_controller.rb:19
  [1m[35m (6.3ms)[0m  [1m[36mcommit transaction[0m
  ↳ app/controllers/api/v1/stocks_controller.rb:19
[active_model_serializers] Rendered ActiveModel::Serializer::Null with Stock (0.3ms)
Completed 200 OK in 12ms (Views: 0.8ms | ActiveRecord: 7.1ms)


Started POST "/api/v1/stocks" for 127.0.0.1 at 2018-11-12 14:20:08 +0000
Processing by Api::V1::StocksController#create as */*
  Parameters: {"name"=>"BARC", "price"=>20, "user_id"=>2, "stock"=>{"user_id"=>2, "name"=>"BARC", "price"=>20}}
  [1m[35m (0.1ms)[0m  [1m[36mbegin transaction[0m
  ↳ app/controllers/api/v1/stocks_controller.rb:19
  [1m[36mUser Load (0.1ms)[0m  [1m[34mSELECT  "users".* FROM "users" WHERE "users"."id" = ? LIMIT ?[0m  [["id", 2], ["LIMIT", 1]]
  ↳ app/controllers/api/v1/stocks_controller.rb:19
  [1m[36mStock Create (0.4ms)[0m  [1m[32mINSERT INTO "stocks" ("user_id", "name", "price", "created_at", "updated_at") VALUES (?, ?, ?, ?, ?)[0m  [["user_id", 2], ["name", "BARC"], ["price", 20.0], ["created_at", "2018-11-12 14:20:08.902191"], ["updated_at", "2018-11-12 14:20:08.902191"]]
  ↳ app/controllers/api/v1/stocks_controller.rb:19
  [1m[35m (1.3ms)[0m  [1m[36mcommit transaction[0m
  ↳ app/controllers/api/v1/stocks_controller.rb:19
[active_model_serializers] Rendered ActiveModel::Serializer::Null with Stock (0.22ms)
Completed 200 OK in 6ms (Views: 0.7ms | ActiveRecord: 1.9ms)


Started POST "/api/v1/stocks" for 127.0.0.1 at 2018-11-12 14:20:25 +0000
Processing by Api::V1::StocksController#create as */*
  Parameters: {"name"=>"OCDO", "price"=>40, "user_id"=>1, "stock"=>{"user_id"=>1, "name"=>"OCDO", "price"=>40}}
  [1m[35m (0.1ms)[0m  [1m[36mbegin transaction[0m
  ↳ app/controllers/api/v1/stocks_controller.rb:19
  [1m[36mUser Load (0.2ms)[0m  [1m[34mSELECT  "users".* FROM "users" WHERE "users"."id" = ? LIMIT ?[0m  [["id", 1], ["LIMIT", 1]]
  ↳ app/controllers/api/v1/stocks_controller.rb:19
  [1m[36mStock Create (0.6ms)[0m  [1m[32mINSERT INTO "stocks" ("user_id", "name", "price", "created_at", "updated_at") VALUES (?, ?, ?, ?, ?)[0m  [["user_id", 1], ["name", "OCDO"], ["price", 40.0], ["created_at", "2018-11-12 14:20:25.484936"], ["updated_at", "2018-11-12 14:20:25.484936"]]
  ↳ app/controllers/api/v1/stocks_controller.rb:19
  [1m[35m (6.3ms)[0m  [1m[36mcommit transaction[0m
  ↳ app/controllers/api/v1/stocks_controller.rb:19
[active_model_serializers] Rendered ActiveModel::Serializer::Null with Stock (0.24ms)
Completed 200 OK in 13ms (Views: 0.9ms | ActiveRecord: 7.1ms)


Started GET "/api/v1/stocks" for 127.0.0.1 at 2018-11-12 14:20:32 +0000
Processing by Api::V1::StocksController#index as HTML
  [1m[36mStock Load (0.2ms)[0m  [1m[34mSELECT "stocks".* FROM "stocks"[0m
  ↳ app/controllers/api/v1/stocks_controller.rb:5
No serializer found for resource: #<Stock id: 1, user_id: 1, name: "AAPL", price: 400.0, created_at: "2018-11-12 14:19:48", updated_at: "2018-11-12 14:19:48">
[active_model_serializers] Rendered ActiveModel::Serializer::CollectionSerializer with Stock::ActiveRecord_Relation (1.69ms)
Completed 200 OK in 6ms (Views: 5.1ms | ActiveRecord: 0.2ms)


Started GET "/api/v1/users" for 127.0.0.1 at 2018-11-12 14:20:40 +0000
Processing by Api::V1::UsersController#index as HTML
  [1m[36mUser Load (0.2ms)[0m  [1m[34mSELECT "users".* FROM "users"[0m
  ↳ app/controllers/api/v1/users_controller.rb:5
No serializer found for resource: #<User id: 1, username: "Adrian", score: 0, created_at: "2018-11-12 14:18:15", updated_at: "2018-11-12 14:18:15">
[active_model_serializers] Rendered ActiveModel::Serializer::CollectionSerializer with User::ActiveRecord_Relation (0.42ms)
Completed 200 OK in 3ms (Views: 2.4ms | ActiveRecord: 0.2ms)


Started GET "/api/v1/users/1" for 127.0.0.1 at 2018-11-12 14:20:43 +0000
Processing by Api::V1::UsersController#show as HTML
  Parameters: {"id"=>"1"}
  [1m[36mUser Load (0.1ms)[0m  [1m[34mSELECT  "users".* FROM "users" WHERE "users"."id" = ? LIMIT ?[0m  [["id", 1], ["LIMIT", 1]]
  ↳ app/controllers/api/v1/users_controller.rb:9
[active_model_serializers] Rendered ActiveModel::Serializer::Null with User (0.4ms)
Completed 200 OK in 2ms (Views: 1.4ms | ActiveRecord: 0.1ms)


Started GET "/api/v1/users/1" for 127.0.0.1 at 2018-11-12 14:23:14 +0000
  [1m[35m (0.2ms)[0m  [1m[34mSELECT "schema_migrations"."version" FROM "schema_migrations" ORDER BY "schema_migrations"."version" ASC[0m
  ↳ /Users/ollyds/.rvm/gems/ruby-2.3.3/gems/activerecord-5.2.1/lib/active_record/log_subscriber.rb:98
Processing by Api::V1::UsersController#show as HTML
  Parameters: {"id"=>"1"}
  [1m[36mUser Load (0.1ms)[0m  [1m[34mSELECT  "users".* FROM "users" WHERE "users"."id" = ? LIMIT ?[0m  [["id", 1], ["LIMIT", 1]]
  ↳ app/controllers/api/v1/users_controller.rb:9
[active_model_serializers]   [1m[36mStock Load (0.2ms)[0m  [1m[34mSELECT "stocks".* FROM "stocks" WHERE "stocks"."user_id" = ?[0m  [["user_id", 1]]
[active_model_serializers]   ↳ app/controllers/api/v1/users_controller.rb:11
[active_model_serializers] No serializer found for resource: #<Stock id: 1, user_id: 1, name: "AAPL", price: 400.0, created_at: "2018-11-12 14:19:48", updated_at: "2018-11-12 14:19:48">
[active_model_serializers] Rendered UserSerializer with ActiveModelSerializers::Adapter::Attributes (38.71ms)
Completed 200 OK in 61ms (Views: 51.1ms | ActiveRecord: 1.2ms)


Started GET "/api/v1/users/1" for 127.0.0.1 at 2018-11-12 14:23:33 +0000
Processing by Api::V1::UsersController#show as HTML
Started GET "/api/v1/users/1" for 127.0.0.1 at 2018-11-12 14:23:43 +0000
  Parameters: {"id"=>"1"}
  [1m[36mUser Load (0.1ms)[0m  [1m[34mSELECT  "users".* FROM "users" WHERE "users"."id" = ? LIMIT ?[0m  [["id", 1], ["LIMIT", 1]]
  ↳ app/controllers/api/v1/users_controller.rb:9
[active_model_serializers]   [1m[36mStock Load (0.1ms)[0m  [1m[34mSELECT "stocks".* FROM "stocks" WHERE "stocks"."user_id" = ?[0m  [["user_id", 1]]
[active_model_serializers]   ↳ app/controllers/api/v1/users_controller.rb:11
[active_model_serializers] No serializer found for resource: #<Stock id: 1, user_id: 1, name: "AAPL", price: 400.0, created_at: "2018-11-12 14:19:48", updated_at: "2018-11-12 14:19:48">
[active_model_serializers] Rendered UserSerializer with ActiveModelSerializers::Adapter::Attributes (20.6ms)
Completed 200 OK in 30ms (Views: 22.3ms | ActiveRecord: 1.1ms)


Processing by Api::V1::UsersController#show as HTML
  Parameters: {"id"=>"1"}
  [1m[36mUser Load (0.1ms)[0m  [1m[34mSELECT  "users".* FROM "users" WHERE "users"."id" = ? LIMIT ?[0m  [["id", 1], ["LIMIT", 1]]
  ↳ app/controllers/api/v1/users_controller.rb:9
[active_model_serializers]   [1m[36mStock Load (0.2ms)[0m  [1m[34mSELECT "stocks".* FROM "stocks" WHERE "stocks"."user_id" = ?[0m  [["user_id", 1]]
[active_model_serializers]   ↳ app/controllers/api/v1/users_controller.rb:11
[active_model_serializers] No serializer found for resource: #<Stock id: 1, user_id: 1, name: "AAPL", price: 400.0, created_at: "2018-11-12 14:19:48", updated_at: "2018-11-12 14:19:48">
[active_model_serializers] Rendered UserSerializer with ActiveModelSerializers::Adapter::Attributes (26.63ms)
Completed 200 OK in 37ms (Views: 27.4ms | ActiveRecord: 1.4ms)


Started GET "/api/v1/users/2" for 127.0.0.1 at 2018-11-12 14:23:48 +0000
Processing by Api::V1::UsersController#show as HTML
  Parameters: {"id"=>"2"}
  [1m[36mUser Load (0.3ms)[0m  [1m[34mSELECT  "users".* FROM "users" WHERE "users"."id" = ? LIMIT ?[0m  [["id", 2], ["LIMIT", 1]]
  ↳ app/controllers/api/v1/users_controller.rb:9
[active_model_serializers]   [1m[36mStock Load (0.1ms)[0m  [1m[34mSELECT "stocks".* FROM "stocks" WHERE "stocks"."user_id" = ?[0m  [["user_id", 2]]
[active_model_serializers]   ↳ app/controllers/api/v1/users_controller.rb:11
[active_model_serializers] No serializer found for resource: #<Stock id: 2, user_id: 2, name: "AAPL", price: 400.0, created_at: "2018-11-12 14:19:53", updated_at: "2018-11-12 14:19:53">
[active_model_serializers] Rendered UserSerializer with ActiveModelSerializers::Adapter::Attributes (2.73ms)
Completed 200 OK in 5ms (Views: 3.5ms | ActiveRecord: 0.4ms)


Started GET "/api/v1/users/3" for 127.0.0.1 at 2018-11-12 14:23:51 +0000
Processing by Api::V1::UsersController#show as HTML
  Parameters: {"id"=>"3"}
  [1m[36mUser Load (0.2ms)[0m  [1m[34mSELECT  "users".* FROM "users" WHERE "users"."id" = ? LIMIT ?[0m  [["id", 3], ["LIMIT", 1]]
  ↳ app/controllers/api/v1/users_controller.rb:9
[active_model_serializers] Rendered ActiveModel::Serializer::Null with Hash (0.08ms)
Completed 400 Bad Request in 12ms (Views: 10.4ms | ActiveRecord: 0.2ms)


Started GET "/api/v1/users/2" for 127.0.0.1 at 2018-11-12 14:23:55 +0000
Processing by Api::V1::UsersController#show as HTML
  Parameters: {"id"=>"2"}
  [1m[36mUser Load (0.2ms)[0m  [1m[34mSELECT  "users".* FROM "users" WHERE "users"."id" = ? LIMIT ?[0m  [["id", 2], ["LIMIT", 1]]
  ↳ app/controllers/api/v1/users_controller.rb:9
[active_model_serializers]   [1m[36mStock Load (0.1ms)[0m  [1m[34mSELECT "stocks".* FROM "stocks" WHERE "stocks"."user_id" = ?[0m  [["user_id", 2]]
[active_model_serializers]   ↳ app/controllers/api/v1/users_controller.rb:11
[active_model_serializers] No serializer found for resource: #<Stock id: 2, user_id: 2, name: "AAPL", price: 400.0, created_at: "2018-11-12 14:19:53", updated_at: "2018-11-12 14:19:53">
[active_model_serializers] Rendered UserSerializer with ActiveModelSerializers::Adapter::Attributes (3.0ms)
Completed 200 OK in 5ms (Views: 3.9ms | ActiveRecord: 0.3ms)


Started GET "/api/v1/users/1" for 127.0.0.1 at 2018-11-12 14:24:26 +0000
Processing by Api::V1::UsersController#show as HTML
  Parameters: {"id"=>"1"}
  [1m[36mUser Load (0.6ms)[0m  [1m[34mSELECT  "users".* FROM "users" WHERE "users"."id" = ? LIMIT ?[0m  [["id", 1], ["LIMIT", 1]]
  ↳ app/controllers/api/v1/users_controller.rb:9
[active_model_serializers]   [1m[36mStock Load (0.1ms)[0m  [1m[34mSELECT "stocks".* FROM "stocks" WHERE "stocks"."user_id" = ?[0m  [["user_id", 1]]
[active_model_serializers]   ↳ app/controllers/api/v1/users_controller.rb:11
[active_model_serializers] No serializer found for resource: #<Stock id: 1, user_id: 1, name: "AAPL", price: 400.0, created_at: "2018-11-12 14:19:48", updated_at: "2018-11-12 14:19:48">
[active_model_serializers] Rendered UserSerializer with ActiveModelSerializers::Adapter::Attributes (3.29ms)
Completed 200 OK in 6ms (Views: 4.3ms | ActiveRecord: 0.7ms)


Started GET "/api/v1/users/2" for 127.0.0.1 at 2018-11-12 14:28:51 +0000
Processing by Api::V1::UsersController#show as HTML
  Parameters: {"id"=>"2"}
  [1m[36mUser Load (0.1ms)[0m  [1m[34mSELECT  "users".* FROM "users" WHERE "users"."id" = ? LIMIT ?[0m  [["id", 2], ["LIMIT", 1]]
  ↳ app/controllers/api/v1/users_controller.rb:9
[active_model_serializers]   [1m[36mStock Load (0.2ms)[0m  [1m[34mSELECT "stocks".* FROM "stocks" WHERE "stocks"."user_id" = ?[0m  [["user_id", 2]]
[active_model_serializers]   ↳ app/controllers/api/v1/users_controller.rb:11
[active_model_serializers] No serializer found for resource: #<Stock id: 2, user_id: 2, name: "AAPL", price: 400.0, created_at: "2018-11-12 14:19:53", updated_at: "2018-11-12 14:19:53">
[active_model_serializers] Rendered UserSerializer with ActiveModelSerializers::Adapter::Attributes (30.64ms)
Completed 200 OK in 40ms (Views: 31.4ms | ActiveRecord: 1.4ms)


Started DELETE "/api/v1/stocks/3" for 127.0.0.1 at 2018-11-12 14:29:44 +0000
Processing by Api::V1::StocksController#destroy as */*
  Parameters: {"id"=>"3"}
  [1m[36mStock Load (0.2ms)[0m  [1m[34mSELECT  "stocks".* FROM "stocks" WHERE "stocks"."id" = ? LIMIT ?[0m  [["id", 3], ["LIMIT", 1]]
  ↳ app/controllers/api/v1/stocks_controller.rb:27
  [1m[35m (0.0ms)[0m  [1m[36mbegin transaction[0m
  ↳ app/controllers/api/v1/stocks_controller.rb:29
  [1m[36mStock Destroy (0.4ms)[0m  [1m[31mDELETE FROM "stocks" WHERE "stocks"."id" = ?[0m  [["id", 3]]
  ↳ app/controllers/api/v1/stocks_controller.rb:29
  [1m[35m (1.3ms)[0m  [1m[36mcommit transaction[0m
  ↳ app/controllers/api/v1/stocks_controller.rb:29
[active_model_serializers] Rendered ActiveModel::Serializer::Null with Hash (0.13ms)
Completed 200 OK in 8ms (Views: 4.2ms | ActiveRecord: 1.9ms)


Started GET "/api/v1/users/2" for 127.0.0.1 at 2018-11-12 14:29:49 +0000
Processing by Api::V1::UsersController#show as HTML
  Parameters: {"id"=>"2"}
  [1m[36mUser Load (0.1ms)[0m  [1m[34mSELECT  "users".* FROM "users" WHERE "users"."id" = ? LIMIT ?[0m  [["id", 2], ["LIMIT", 1]]
  ↳ app/controllers/api/v1/users_controller.rb:9
[active_model_serializers]   [1m[36mStock Load (0.2ms)[0m  [1m[34mSELECT "stocks".* FROM "stocks" WHERE "stocks"."user_id" = ?[0m  [["user_id", 2]]
[active_model_serializers]   ↳ app/controllers/api/v1/users_controller.rb:11
[active_model_serializers] No serializer found for resource: #<Stock id: 2, user_id: 2, name: "AAPL", price: 400.0, created_at: "2018-11-12 14:19:53", updated_at: "2018-11-12 14:19:53">
[active_model_serializers] Rendered UserSerializer with ActiveModelSerializers::Adapter::Attributes (2.03ms)
Completed 200 OK in 4ms (Views: 2.3ms | ActiveRecord: 0.3ms)


Started GET "/api/v1/users" for 127.0.0.1 at 2018-11-12 14:29:52 +0000
Processing by Api::V1::UsersController#index as HTML
  [1m[36mUser Load (0.2ms)[0m  [1m[34mSELECT "users".* FROM "users"[0m
  ↳ app/controllers/api/v1/users_controller.rb:5
[active_model_serializers]   [1m[36mStock Load (0.2ms)[0m  [1m[34mSELECT "stocks".* FROM "stocks" WHERE "stocks"."user_id" = ?[0m  [["user_id", 1]]
[active_model_serializers]   ↳ app/controllers/api/v1/users_controller.rb:5
[active_model_serializers] No serializer found for resource: #<Stock id: 1, user_id: 1, name: "AAPL", price: 400.0, created_at: "2018-11-12 14:19:48", updated_at: "2018-11-12 14:19:48">
[active_model_serializers]   [1m[36mStock Load (0.1ms)[0m  [1m[34mSELECT "stocks".* FROM "stocks" WHERE "stocks"."user_id" = ?[0m  [["user_id", 2]]
[active_model_serializers]   ↳ app/controllers/api/v1/users_controller.rb:5
[active_model_serializers] No serializer found for resource: #<Stock id: 2, user_id: 2, name: "AAPL", price: 400.0, created_at: "2018-11-12 14:19:53", updated_at: "2018-11-12 14:19:53">
[active_model_serializers] No serializer found for resource: #<Stock id: 1, user_id: 1, name: "AAPL", price: 400.0, created_at: "2018-11-12 14:19:48", updated_at: "2018-11-12 14:19:48">
[active_model_serializers] No serializer found for resource: #<Stock id: 2, user_id: 2, name: "AAPL", price: 400.0, created_at: "2018-11-12 14:19:53", updated_at: "2018-11-12 14:19:53">
[active_model_serializers] Rendered ActiveModel::Serializer::CollectionSerializer with ActiveModelSerializers::Adapter::Attributes (5.93ms)
Completed 200 OK in 8ms (Views: 7.2ms | ActiveRecord: 0.5ms)


Started GET "/api/v1/stocks" for 127.0.0.1 at 2018-11-12 14:29:53 +0000
Processing by Api::V1::StocksController#index as HTML
  [1m[36mStock Load (0.3ms)[0m  [1m[34mSELECT "stocks".* FROM "stocks"[0m
  ↳ app/controllers/api/v1/stocks_controller.rb:5
No serializer found for resource: #<Stock id: 1, user_id: 1, name: "AAPL", price: 400.0, created_at: "2018-11-12 14:19:48", updated_at: "2018-11-12 14:19:48">
[active_model_serializers] Rendered ActiveModel::Serializer::CollectionSerializer with Stock::ActiveRecord_Relation (0.87ms)
Completed 200 OK in 14ms (Views: 13.4ms | ActiveRecord: 0.3ms)


Started POST "/api/v1/stocks" for 127.0.0.1 at 2018-11-12 14:30:13 +0000
Processing by Api::V1::StocksController#create as */*
  Parameters: {"name"=>"AMZN", "price"=>1200, "user_id"=>2, "stock"=>{"user_id"=>2, "name"=>"AMZN", "price"=>1200}}
  [1m[35m (0.1ms)[0m  [1m[36mbegin transaction[0m
  ↳ app/controllers/api/v1/stocks_controller.rb:19
  [1m[36mUser Load (0.1ms)[0m  [1m[34mSELECT  "users".* FROM "users" WHERE "users"."id" = ? LIMIT ?[0m  [["id", 2], ["LIMIT", 1]]
  ↳ app/controllers/api/v1/stocks_controller.rb:19
  [1m[36mStock Create (0.3ms)[0m  [1m[32mINSERT INTO "stocks" ("user_id", "name", "price", "created_at", "updated_at") VALUES (?, ?, ?, ?, ?)[0m  [["user_id", 2], ["name", "AMZN"], ["price", 1200.0], ["created_at", "2018-11-12 14:30:13.783009"], ["updated_at", "2018-11-12 14:30:13.783009"]]
  ↳ app/controllers/api/v1/stocks_controller.rb:19
  [1m[35m (6.2ms)[0m  [1m[36mcommit transaction[0m
  ↳ app/controllers/api/v1/stocks_controller.rb:19
[active_model_serializers] Rendered ActiveModel::Serializer::Null with Stock (0.33ms)
Completed 200 OK in 13ms (Views: 1.0ms | ActiveRecord: 6.8ms)


Started GET "/api/v1/stocks" for 127.0.0.1 at 2018-11-12 14:30:16 +0000
Processing by Api::V1::StocksController#index as HTML
  [1m[36mStock Load (0.2ms)[0m  [1m[34mSELECT "stocks".* FROM "stocks"[0m
  ↳ app/controllers/api/v1/stocks_controller.rb:5
No serializer found for resource: #<Stock id: 1, user_id: 1, name: "AAPL", price: 400.0, created_at: "2018-11-12 14:19:48", updated_at: "2018-11-12 14:19:48">
[active_model_serializers] Rendered ActiveModel::Serializer::CollectionSerializer with Stock::ActiveRecord_Relation (2.02ms)
Completed 200 OK in 4ms (Views: 3.9ms | ActiveRecord: 0.2ms)


Started GET "/api/v1/stocks" for 127.0.0.1 at 2018-11-12 17:13:35 +0000
  [1m[35m (0.4ms)[0m  [1m[34mSELECT "schema_migrations"."version" FROM "schema_migrations" ORDER BY "schema_migrations"."version" ASC[0m
  ↳ /Users/ollyds/.rvm/gems/ruby-2.3.3/gems/activerecord-5.2.1/lib/active_record/log_subscriber.rb:98
Processing by Api::V1::StocksController#index as HTML
  [1m[36mStock Load (0.7ms)[0m  [1m[34mSELECT "stocks".* FROM "stocks"[0m
  ↳ app/controllers/api/v1/stocks_controller.rb:5
No serializer found for resource: #<Stock id: 1, user_id: 1, name: "AAPL", price: 400.0, created_at: "2018-11-12 14:19:48", updated_at: "2018-11-12 14:19:48">
[active_model_serializers] Rendered ActiveModel::Serializer::CollectionSerializer with Stock::ActiveRecord_Relation (0.81ms)
Completed 200 OK in 26ms (Views: 18.6ms | ActiveRecord: 1.3ms)


  [1m[35m (0.6ms)[0m  [1m[34mSELECT "schema_migrations"."version" FROM "schema_migrations" ORDER BY "schema_migrations"."version" ASC[0m
  ↳ bin/rails:9
  [1m[35m (1.1ms)[0m  [1m[34mSELECT "ar_internal_metadata"."value" FROM "ar_internal_metadata" WHERE "ar_internal_metadata"."key" = ?[0m  [["key", "environment"]]
  ↳ bin/rails:9
  [1m[35m (0.2ms)[0m  [1m[34mSELECT "schema_migrations"."version" FROM "schema_migrations" ORDER BY "schema_migrations"."version" ASC[0m
  ↳ bin/rails:9
  [1m[35m (0.1ms)[0m  [1m[34mSELECT "ar_internal_metadata"."value" FROM "ar_internal_metadata" WHERE "ar_internal_metadata"."key" = ?[0m  [["key", "environment"]]
  ↳ bin/rails:9
  [1m[35m (0.1ms)[0m  [1m[34mSELECT "schema_migrations"."version" FROM "schema_migrations" ORDER BY "schema_migrations"."version" ASC[0m
  ↳ bin/rails:9
  [1m[35m (0.1ms)[0m  [1m[34mSELECT "ar_internal_metadata"."value" FROM "ar_internal_metadata" WHERE "ar_internal_metadata"."key" = ?[0m  [["key", "environment"]]
  ↳ bin/rails:9
  [1m[35m (0.1ms)[0m  [1m[34mSELECT sqlite_version(*)[0m
  ↳ bin/rails:9
  [1m[35m (7.4ms)[0m  [1m[35mCREATE TABLE "schema_migrations" ("version" varchar NOT NULL PRIMARY KEY)[0m
  ↳ bin/rails:9
  [1m[35m (1.9ms)[0m  [1m[35mCREATE TABLE "ar_internal_metadata" ("key" varchar NOT NULL PRIMARY KEY, "value" varchar, "created_at" datetime NOT NULL, "updated_at" datetime NOT NULL)[0m
  ↳ bin/rails:9
  [1m[35m (0.1ms)[0m  [1m[34mSELECT "schema_migrations"."version" FROM "schema_migrations" ORDER BY "schema_migrations"."version" ASC[0m
  ↳ bin/rails:9
Migrating to CreateUsers (20181112135402)
  [1m[35m (0.1ms)[0m  [1m[36mbegin transaction[0m
  ↳ bin/rails:9
  [1m[35m (0.4ms)[0m  [1m[35mCREATE TABLE "users" ("id" integer PRIMARY KEY AUTOINCREMENT NOT NULL, "username" varchar, "total" float, "created_at" datetime NOT NULL, "updated_at" datetime NOT NULL)[0m
  ↳ db/migrate/20181112135402_create_users.rb:3
  [1m[36mActiveRecord::SchemaMigration Create (0.2ms)[0m  [1m[32mINSERT INTO "schema_migrations" ("version") VALUES (?)[0m  [["version", "20181112135402"]]
  ↳ bin/rails:9
  [1m[35m (1.3ms)[0m  [1m[36mcommit transaction[0m
  ↳ bin/rails:9
Migrating to CreateStocks (20181112135527)
  [1m[35m (0.2ms)[0m  [1m[34mSELECT "schema_migrations"."version" FROM "schema_migrations" ORDER BY "schema_migrations"."version" ASC[0m
  ↳ bin/rails:9
  [1m[35m (0.2ms)[0m  [1m[34mSELECT "ar_internal_metadata"."value" FROM "ar_internal_metadata" WHERE "ar_internal_metadata"."key" = ?[0m  [["key", "environment"]]
  ↳ bin/rails:9
  [1m[35m (0.1ms)[0m  [1m[34mSELECT "schema_migrations"."version" FROM "schema_migrations" ORDER BY "schema_migrations"."version" ASC[0m
  ↳ bin/rails:9
Migrating to CreateTransactions (20181112135527)
  [1m[35m (0.1ms)[0m  [1m[36mbegin transaction[0m
  ↳ bin/rails:9
  [1m[35m (0.1ms)[0m  [1m[34mSELECT sqlite_version(*)[0m
  ↳ db/migrate/20181112135527_create_transactions.rb:3
  [1m[35m (0.6ms)[0m  [1m[35mCREATE TABLE "transactions" ("id" integer PRIMARY KEY AUTOINCREMENT NOT NULL, "user_id" integer, "symbol" varchar, "buy_price" float, "sell_price" float, "created_at" datetime NOT NULL, "updated_at" datetime NOT NULL, CONSTRAINT "fk_rails_77364e6416"
FOREIGN KEY ("user_id")
  REFERENCES "users" ("id")
)[0m
  ↳ db/migrate/20181112135527_create_transactions.rb:3
  [1m[35m (0.1ms)[0m  [1m[35mCREATE  INDEX "index_transactions_on_user_id" ON "transactions" ("user_id")[0m
  ↳ db/migrate/20181112135527_create_transactions.rb:3
  [1m[36mActiveRecord::SchemaMigration Create (0.2ms)[0m  [1m[32mINSERT INTO "schema_migrations" ("version") VALUES (?)[0m  [["version", "20181112135527"]]
  ↳ bin/rails:9
  [1m[35m (1.3ms)[0m  [1m[36mcommit transaction[0m
  ↳ bin/rails:9
  [1m[36mActiveRecord::InternalMetadata Load (0.1ms)[0m  [1m[34mSELECT  "ar_internal_metadata".* FROM "ar_internal_metadata" WHERE "ar_internal_metadata"."key" = ? LIMIT ?[0m  [["key", "environment"], ["LIMIT", 1]]
  ↳ bin/rails:9
  [1m[35m (0.0ms)[0m  [1m[36mbegin transaction[0m
  ↳ bin/rails:9
  [1m[36mActiveRecord::InternalMetadata Create (0.3ms)[0m  [1m[32mINSERT INTO "ar_internal_metadata" ("key", "value", "created_at", "updated_at") VALUES (?, ?, ?, ?)[0m  [["key", "environment"], ["value", "development"], ["created_at", "2018-11-12 18:39:05.208615"], ["updated_at", "2018-11-12 18:39:05.208615"]]
  ↳ bin/rails:9
  [1m[35m (2.1ms)[0m  [1m[36mcommit transaction[0m
  ↳ bin/rails:9
  [1m[35m (0.1ms)[0m  [1m[34mSELECT "schema_migrations"."version" FROM "schema_migrations" ORDER BY "schema_migrations"."version" ASC[0m
  ↳ bin/rails:9
Started GET "/api/v1/stocks" for 127.0.0.1 at 2018-11-12 18:39:25 +0000
  [1m[35m (0.3ms)[0m  [1m[34mSELECT "schema_migrations"."version" FROM "schema_migrations" ORDER BY "schema_migrations"."version" ASC[0m
  ↳ /Users/ollyds/.rvm/gems/ruby-2.3.3/gems/activerecord-5.2.1/lib/active_record/log_subscriber.rb:98
  
ActionController::RoutingError (uninitialized constant Api::V1::StocksController):
  
bootsnap (1.3.2) lib/bootsnap/load_path_cache/core_ext/active_support.rb:74:in `block in load_missing_constant'
bootsnap (1.3.2) lib/bootsnap/load_path_cache/core_ext/active_support.rb:8:in `without_bootsnap_cache'
bootsnap (1.3.2) lib/bootsnap/load_path_cache/core_ext/active_support.rb:74:in `rescue in load_missing_constant'
bootsnap (1.3.2) lib/bootsnap/load_path_cache/core_ext/active_support.rb:57:in `load_missing_constant'
activesupport (5.2.1) lib/active_support/inflector/methods.rb:285:in `const_get'
activesupport (5.2.1) lib/active_support/inflector/methods.rb:285:in `block in constantize'
activesupport (5.2.1) lib/active_support/inflector/methods.rb:281:in `each'
activesupport (5.2.1) lib/active_support/inflector/methods.rb:281:in `inject'
activesupport (5.2.1) lib/active_support/inflector/methods.rb:281:in `constantize'
actionpack (5.2.1) lib/action_dispatch/http/request.rb:88:in `controller_class_for'
actionpack (5.2.1) lib/action_dispatch/http/request.rb:81:in `controller_class'
actionpack (5.2.1) lib/action_dispatch/routing/route_set.rb:46:in `controller'
actionpack (5.2.1) lib/action_dispatch/routing/route_set.rb:32:in `serve'
actionpack (5.2.1) lib/action_dispatch/journey/router.rb:52:in `block in serve'
actionpack (5.2.1) lib/action_dispatch/journey/router.rb:35:in `each'
actionpack (5.2.1) lib/action_dispatch/journey/router.rb:35:in `serve'
actionpack (5.2.1) lib/action_dispatch/routing/route_set.rb:840:in `call'
rack (2.0.6) lib/rack/etag.rb:25:in `call'
rack (2.0.6) lib/rack/conditional_get.rb:25:in `call'
rack (2.0.6) lib/rack/head.rb:12:in `call'
activerecord (5.2.1) lib/active_record/migration.rb:559:in `call'
actionpack (5.2.1) lib/action_dispatch/middleware/callbacks.rb:28:in `block in call'
activesupport (5.2.1) lib/active_support/callbacks.rb:98:in `run_callbacks'
actionpack (5.2.1) lib/action_dispatch/middleware/callbacks.rb:26:in `call'
actionpack (5.2.1) lib/action_dispatch/middleware/executor.rb:14:in `call'
actionpack (5.2.1) lib/action_dispatch/middleware/debug_exceptions.rb:61:in `call'
actionpack (5.2.1) lib/action_dispatch/middleware/show_exceptions.rb:33:in `call'
railties (5.2.1) lib/rails/rack/logger.rb:38:in `call_app'
railties (5.2.1) lib/rails/rack/logger.rb:26:in `block in call'
activesupport (5.2.1) lib/active_support/tagged_logging.rb:71:in `block in tagged'
activesupport (5.2.1) lib/active_support/tagged_logging.rb:28:in `tagged'
activesupport (5.2.1) lib/active_support/tagged_logging.rb:71:in `tagged'
railties (5.2.1) lib/rails/rack/logger.rb:26:in `call'
actionpack (5.2.1) lib/action_dispatch/middleware/remote_ip.rb:81:in `call'
actionpack (5.2.1) lib/action_dispatch/middleware/request_id.rb:27:in `call'
rack (2.0.6) lib/rack/runtime.rb:22:in `call'
activesupport (5.2.1) lib/active_support/cache/strategy/local_cache_middleware.rb:29:in `call'
actionpack (5.2.1) lib/action_dispatch/middleware/executor.rb:14:in `call'
actionpack (5.2.1) lib/action_dispatch/middleware/static.rb:127:in `call'
rack (2.0.6) lib/rack/sendfile.rb:111:in `call'
rack-cors (1.0.2) lib/rack/cors.rb:97:in `call'
railties (5.2.1) lib/rails/engine.rb:524:in `call'
puma (3.12.0) lib/puma/configuration.rb:225:in `call'
puma (3.12.0) lib/puma/server.rb:658:in `handle_request'
puma (3.12.0) lib/puma/server.rb:472:in `process_client'
puma (3.12.0) lib/puma/server.rb:332:in `block in run'
puma (3.12.0) lib/puma/thread_pool.rb:133:in `block in spawn_thread'
Started GET "/api/v1/transactions" for 127.0.0.1 at 2018-11-12 18:39:32 +0000
  
ActionController::RoutingError (No route matches [GET] "/api/v1/transactions"):
  
actionpack (5.2.1) lib/action_dispatch/middleware/debug_exceptions.rb:65:in `call'
actionpack (5.2.1) lib/action_dispatch/middleware/show_exceptions.rb:33:in `call'
railties (5.2.1) lib/rails/rack/logger.rb:38:in `call_app'
railties (5.2.1) lib/rails/rack/logger.rb:26:in `block in call'
activesupport (5.2.1) lib/active_support/tagged_logging.rb:71:in `block in tagged'
activesupport (5.2.1) lib/active_support/tagged_logging.rb:28:in `tagged'
activesupport (5.2.1) lib/active_support/tagged_logging.rb:71:in `tagged'
railties (5.2.1) lib/rails/rack/logger.rb:26:in `call'
actionpack (5.2.1) lib/action_dispatch/middleware/remote_ip.rb:81:in `call'
actionpack (5.2.1) lib/action_dispatch/middleware/request_id.rb:27:in `call'
rack (2.0.6) lib/rack/runtime.rb:22:in `call'
activesupport (5.2.1) lib/active_support/cache/strategy/local_cache_middleware.rb:29:in `call'
actionpack (5.2.1) lib/action_dispatch/middleware/executor.rb:14:in `call'
actionpack (5.2.1) lib/action_dispatch/middleware/static.rb:127:in `call'
rack (2.0.6) lib/rack/sendfile.rb:111:in `call'
rack-cors (1.0.2) lib/rack/cors.rb:97:in `call'
railties (5.2.1) lib/rails/engine.rb:524:in `call'
puma (3.12.0) lib/puma/configuration.rb:225:in `call'
puma (3.12.0) lib/puma/server.rb:658:in `handle_request'
puma (3.12.0) lib/puma/server.rb:472:in `process_client'
puma (3.12.0) lib/puma/server.rb:332:in `block in run'
puma (3.12.0) lib/puma/thread_pool.rb:133:in `block in spawn_thread'
Started GET "/api/v1/users" for 127.0.0.1 at 2018-11-12 18:39:37 +0000
Processing by Api::V1::UsersController#index as HTML
  [1m[36mUser Load (0.1ms)[0m  [1m[34mSELECT "users".* FROM "users"[0m
  ↳ app/controllers/api/v1/users_controller.rb:5
[active_model_serializers] Rendered ActiveModel::Serializer::CollectionSerializer with ActiveModelSerializers::Adapter::Attributes (0.15ms)
Completed 200 OK in 12ms (Views: 6.5ms | ActiveRecord: 0.4ms)


Started GET "/api/v1/transactions" for 127.0.0.1 at 2018-11-12 18:39:48 +0000
  
ActionController::RoutingError (No route matches [GET] "/api/v1/transactions"):
  
actionpack (5.2.1) lib/action_dispatch/middleware/debug_exceptions.rb:65:in `call'
actionpack (5.2.1) lib/action_dispatch/middleware/show_exceptions.rb:33:in `call'
railties (5.2.1) lib/rails/rack/logger.rb:38:in `call_app'
railties (5.2.1) lib/rails/rack/logger.rb:26:in `block in call'
activesupport (5.2.1) lib/active_support/tagged_logging.rb:71:in `block in tagged'
activesupport (5.2.1) lib/active_support/tagged_logging.rb:28:in `tagged'
activesupport (5.2.1) lib/active_support/tagged_logging.rb:71:in `tagged'
railties (5.2.1) lib/rails/rack/logger.rb:26:in `call'
actionpack (5.2.1) lib/action_dispatch/middleware/remote_ip.rb:81:in `call'
actionpack (5.2.1) lib/action_dispatch/middleware/request_id.rb:27:in `call'
rack (2.0.6) lib/rack/runtime.rb:22:in `call'
activesupport (5.2.1) lib/active_support/cache/strategy/local_cache_middleware.rb:29:in `call'
actionpack (5.2.1) lib/action_dispatch/middleware/executor.rb:14:in `call'
actionpack (5.2.1) lib/action_dispatch/middleware/static.rb:127:in `call'
rack (2.0.6) lib/rack/sendfile.rb:111:in `call'
rack-cors (1.0.2) lib/rack/cors.rb:97:in `call'
railties (5.2.1) lib/rails/engine.rb:524:in `call'
puma (3.12.0) lib/puma/configuration.rb:225:in `call'
puma (3.12.0) lib/puma/server.rb:658:in `handle_request'
puma (3.12.0) lib/puma/server.rb:472:in `process_client'
puma (3.12.0) lib/puma/server.rb:332:in `block in run'
puma (3.12.0) lib/puma/thread_pool.rb:133:in `block in spawn_thread'
Started GET "/api/v1/transactions" for 127.0.0.1 at 2018-11-12 18:40:44 +0000
Processing by Api::V1::TransactionsController#index as HTML
  [1m[36mTransaction Load (0.1ms)[0m  [1m[34mSELECT "transactions".* FROM "transactions"[0m
  ↳ app/controllers/api/v1/transactions_controller.rb:5
[active_model_serializers] Rendered ActiveModel::Serializer::CollectionSerializer with ActiveModelSerializers::Adapter::Attributes (0.05ms)
Completed 200 OK in 8ms (Views: 1.6ms | ActiveRecord: 0.3ms)


  [1m[35m (0.2ms)[0m  [1m[34mSELECT "schema_migrations"."version" FROM "schema_migrations" ORDER BY "schema_migrations"."version" ASC[0m
  ↳ bin/rails:9
Migrating to CreatePriceData (20181113095002)
  [1m[35m (0.1ms)[0m  [1m[36mbegin transaction[0m
  ↳ bin/rails:9
  [1m[35m (0.6ms)[0m  [1m[34mSELECT sqlite_version(*)[0m
  ↳ db/migrate/20181113095002_create_price_data.rb:3
  [1m[35m (1.0ms)[0m  [1m[35mCREATE TABLE "price_data" ("id" integer PRIMARY KEY AUTOINCREMENT NOT NULL, "symbol" varchar, "bid" float, "ask" float, "price" float, "created_at" datetime NOT NULL, "updated_at" datetime NOT NULL)[0m
  ↳ db/migrate/20181113095002_create_price_data.rb:3
  [1m[36mActiveRecord::SchemaMigration Create (0.2ms)[0m  [1m[32mINSERT INTO "schema_migrations" ("version") VALUES (?)[0m  [["version", "20181113095002"]]
  ↳ bin/rails:9
  [1m[35m (1.4ms)[0m  [1m[36mcommit transaction[0m
  ↳ bin/rails:9
  [1m[36mActiveRecord::InternalMetadata Load (0.2ms)[0m  [1m[34mSELECT  "ar_internal_metadata".* FROM "ar_internal_metadata" WHERE "ar_internal_metadata"."key" = ? LIMIT ?[0m  [["key", "environment"], ["LIMIT", 1]]
  ↳ bin/rails:9
  [1m[35m (0.1ms)[0m  [1m[36mbegin transaction[0m
  ↳ bin/rails:9
  [1m[35m (0.0ms)[0m  [1m[36mcommit transaction[0m
  ↳ bin/rails:9
  [1m[35m (0.1ms)[0m  [1m[34mSELECT "schema_migrations"."version" FROM "schema_migrations" ORDER BY "schema_migrations"."version" ASC[0m
  ↳ bin/rails:9
